Software Version: 11.9.6.7
Embedded FlashPro5 programmer detected.
programmer 'E200108CTE' : FlashPro5
Opened 'C:\jijeesh\workspace.m2s\m2s-fabric-ip\fpga-design\m2s-creative-brd\m2s-creative-basic\designer\m2s_sys_top\m2s_sys_top_fp\m2s_sys_top.pro'
The 'open_project' command succeeded.
IPD file 'C:/jijeesh/workspace.m2s/m2s-fabric-ip/fpga-design/m2s-creative-brd/m2s-creative-basic/designer/m2s_sys_top/m2s_sys_top.ipd' has been loaded successfully.
DESIGN : m2s_sys_top;  CHECKSUM : 8741;  PDB_VERSION : 1.9
The 'set_programming_file' command succeeded.
Warning: Programming is already enabled for device 'M2S025'.
The 'enable_device' command succeeded.
The 'set_programming_action' command succeeded.
programmer 'E200108CTE' : Scan Chain...
programmer 'E200108CTE' : Check Chain...
programmer 'E200108CTE' : Scan and Check Chain PASSED.
programmer 'E200108CTE' : device 'M2S025' : Executing action PROGRAM
programmer 'E200108CTE' : device 'M2S025' : Family: Igloo2
programmer 'E200108CTE' : device 'M2S025' : Product:      M2GL005
programmer 'E200108CTE' : device 'M2S025' : EXPORT ISC_ENABLE_RESULT[32] = 007e6944
programmer 'E200108CTE' : device 'M2S025' : EXPORT CRCERR[1] = 0
programmer 'E200108CTE' : device 'M2S025' : EXPORT EDCERR[1] = 0
programmer 'E200108CTE' : device 'M2S025' : Programming FPGA Array and eNVM...
programmer 'E200108CTE' : device 'M2S025' : ===================================================================================
programmer 'E200108CTE' : device 'M2S025' : EXPORT DSN[128] = a3a83d5eb72272b969a7da10fa8f7951
programmer 'E200108CTE' : device 'M2S025' : ===================================================================================
programmer 'E200108CTE' : device 'M2S025' : Finished: Fri Oct 25 15:09:43 2024 (Elapsed time 00:01:09)
programmer 'E200108CTE' : device 'M2S025' : Executing action PROGRAM PASSED.
programmer 'E200108CTE' : Chain programming PASSED.
Chain Programming Finished: Fri Oct 25 15:09:43 2024 (Elapsed time 00:01:09)

                        o - o - o - o - o - o

The 'run_selected_actions' command succeeded.
The 'set_programming_file' command succeeded.
Project saved.
The 'save_project' command succeeded.
Project closed.
